2024-02-01 21:33:00,691:INFO:add request received for 2 and 99
2024-02-01 21:33:00,692:INFO:sub request received for 2 and 99
2024-02-01 21:33:00,692:INFO:mul request received for 2 and 99
2024-02-01 21:33:00,693:INFO:div request received for 2 and 99
2024-02-01 21:33:00,694:INFO:pow request received for 2 and 99
2024-02-01 21:35:12,350:INFO:add request received for 2 and 5
2024-02-01 21:35:12,354:INFO:sub request received for 2 and 5
2024-02-01 21:35:12,355:INFO:mul request received for 2 and 5
2024-02-01 21:35:12,356:INFO:div request received for 2 and 5
2024-02-01 21:35:12,356:INFO:pow request received for 2 and 5
2024-02-01 21:36:19,459:INFO:add request received for 10 and 5
2024-02-01 21:36:19,460:INFO:sub request received for 10 and 5
2024-02-01 21:36:19,461:INFO:mul request received for 10 and 5
2024-02-01 21:36:19,462:INFO:div request received for 10 and 5
2024-02-01 21:36:19,463:INFO:pow request received for 10 and 5
2024-02-01 21:37:52,338:INFO:add request received for 10 and 5
2024-02-01 21:37:52,339:INFO:sub request received for 10 and 5
2024-02-01 21:37:52,339:INFO:mul request received for 10 and 5
2024-02-01 21:37:52,340:INFO:div request received for 10 and 5
2024-02-01 21:37:52,341:INFO:pow request received for 10 and 5
